Flow report for Sersum_V8
Sun Sep 18 12:05:59 2022
Quartus II Version 9.1 Build 350 03/24/2010 Service Pack 2 SJ Web Edition


---------------------
; Table of Contents ;
---------------------
  1. Legal Notice
  2. Flow Summary
  3. Flow Settings
  4. Flow Non-Default Global Settings
  5. Flow Elapsed Time
  6. Flow OS Summary
  7. Flow Log



----------------
; Legal Notice ;
----------------
Copyright (C) 1991-2010 Altera Corporation
Your use of Altera Corporation's design tools, logic functions 
and other software and tools, and its AMPP partner logic 
functions, and any output files from any of the foregoing 
(including device programming or simulation files), and any 
associated documentation or information are expressly subject 
to the terms and conditions of the Altera Program License 
Subscription Agreement, Altera MegaCore Function License 
Agreement, or other applicable license agreement, including, 
without limitation, that your use is for the sole purpose of 
programming logic devices manufactured by Altera and sold by 
Altera or its authorized distributors.  Please refer to the 
applicable agreement for further details.



+------------------------------------------------------------------------+
; Flow Summary                                                           ;
+-------------------------+----------------------------------------------+
; Flow Status             ; Successful - Sun Sep 18 12:05:59 2022        ;
; Quartus II Version      ; 9.1 Build 350 03/24/2010 SP 2 SJ Web Edition ;
; Revision Name           ; Sersum_V8                                    ;
; Top-level Entity Name   ; Sersum_V8                                    ;
; Family                  ; MAX II                                       ;
; Device                  ; EPM2210F324C3                                ;
; Timing Models           ; Final                                        ;
; Met timing requirements ; Yes                                          ;
; Total logic elements    ; 2 / 2,210 ( < 1 % )                          ;
; Total pins              ; 5 / 272 ( 2 % )                              ;
; Total virtual pins      ; 0                                            ;
; UFM blocks              ; 0 / 1 ( 0 % )                                ;
+-------------------------+----------------------------------------------+


+-----------------------------------------+
; Flow Settings                           ;
+-------------------+---------------------+
; Option            ; Setting             ;
+-------------------+---------------------+
; Start date & time ; 09/18/2022 12:05:51 ;
; Main task         ; Compilation         ;
; Revision Name     ; Sersum_V8           ;
+-------------------+---------------------+


+---------------------------------------------------------------------------------------------------------------------------------------------------------------+
; Flow Non-Default Global Settings                                                                                                                              ;
+---------------------------------------+------------------------------------------------------------------------+---------------+-------------+----------------+
; Assignment Name                       ; Value                                                                  ; Default Value ; Entity Name ; Section Id     ;
+---------------------------------------+------------------------------------------------------------------------+---------------+-------------+----------------+
; COMPILER_SIGNATURE_ID                 ; 35296145057900.166348835108032                                         ; --            ; --          ; --             ;
; EDA_GENERATE_FUNCTIONAL_NETLIST       ; On                                                                     ; --            ; --          ; eda_simulation ;
; EDA_OUTPUT_DATA_FORMAT                ; Verilog Hdl                                                            ; --            ; --          ; eda_simulation ;
; EDA_SIMULATION_TOOL                   ; ModelSim-Altera (Verilog)                                              ; <None>        ; --          ; --             ;
; MAX_CORE_JUNCTION_TEMP                ; 85                                                                     ; --            ; --          ; --             ;
; MIN_CORE_JUNCTION_TEMP                ; 0                                                                      ; --            ; --          ; --             ;
; MISC_FILE                             ; C:/DISTR/labs_code/algorithmic_means/lab_6/quartus/laba6/Sersum_V8.dpf ; --            ; --          ; --             ;
; OPTIMIZE_MULTI_CORNER_TIMING          ; Off                                                                    ; On            ; --          ; --             ;
; POWER_EXT_SUPPLY_VOLTAGE_TO_REGULATOR ; 3.3V                                                                   ; --            ; --          ; --             ;
; PROJECT_OUTPUT_DIRECTORY              ; output_files                                                           ; --            ; --          ; --             ;
; SYNCHRONIZATION_REGISTER_CHAIN_LENGTH ; 2                                                                      ; 3             ; --          ; --             ;
+---------------------------------------+------------------------------------------------------------------------+---------------+-------------+----------------+


+-----------------------------------------------------------------------------------------------------------------------------+
; Flow Elapsed Time                                                                                                           ;
+-------------------------+--------------+-------------------------+---------------------+------------------------------------+
; Module Name             ; Elapsed Time ; Average Processors Used ; Peak Virtual Memory ; Total CPU Time (on all processors) ;
+-------------------------+--------------+-------------------------+---------------------+------------------------------------+
; Analysis & Synthesis    ; 00:00:01     ; 1.0                     ; 244 MB              ; 00:00:01                           ;
; Fitter                  ; 00:00:01     ; 1.0                     ; 234 MB              ; 00:00:01                           ;
; Assembler               ; 00:00:01     ; 1.0                     ; 201 MB              ; 00:00:01                           ;
; Classic Timing Analyzer ; 00:00:00     ; 1.0                     ; 173 MB              ; 00:00:00                           ;
; EDA Netlist Writer      ; 00:00:01     ; 1.0                     ; 178 MB              ; 00:00:01                           ;
; Total                   ; 00:00:04     ; --                      ; --                  ; 00:00:04                           ;
+-------------------------+--------------+-------------------------+---------------------+------------------------------------+


+------------------------------------------------------------------------------------------+
; Flow OS Summary                                                                          ;
+-------------------------+------------------+---------------+------------+----------------+
; Module Name             ; Machine Hostname ; OS Name       ; OS Version ; Processor type ;
+-------------------------+------------------+---------------+------------+----------------+
; Analysis & Synthesis    ; DESKTOP-GJODV5F  ; Windows Vista ; 6.2        ; x86_64         ;
; Fitter                  ; DESKTOP-GJODV5F  ; Windows Vista ; 6.2        ; x86_64         ;
; Assembler               ; DESKTOP-GJODV5F  ; Windows Vista ; 6.2        ; x86_64         ;
; Classic Timing Analyzer ; DESKTOP-GJODV5F  ; Windows Vista ; 6.2        ; x86_64         ;
; EDA Netlist Writer      ; DESKTOP-GJODV5F  ; Windows Vista ; 6.2        ; x86_64         ;
+-------------------------+------------------+---------------+------------+----------------+


------------
; Flow Log ;
------------
quartus_map --read_settings_files=on --write_settings_files=off Sersum_V8 -c Sersum_V8
quartus_fit --read_settings_files=off --write_settings_files=off Sersum_V8 -c Sersum_V8
quartus_asm --read_settings_files=off --write_settings_files=off Sersum_V8 -c Sersum_V8
quartus_tan --read_settings_files=off --write_settings_files=off Sersum_V8 -c Sersum_V8
quartus_eda --read_settings_files=off --write_settings_files=off Sersum_V8 -c Sersum_V8



